<?xml version="1.0" encoding="UTF-8"?>
<testng-results skipped="0" failed="0" total="1" passed="1">
  <reporter-output>
    <line>
      <![CDATA[The Amazon price for 'iPhone XR (64GB) - Yellow' ===> 47900 is Less]]>
    </line>
  </reporter-output>
  <suite name="Default suite" duration-ms="132790" started-at="2020-01-31T20:08:08Z" finished-at="2020-01-31T20:10:21Z">
    <groups>
    </groups>
    <test name="Default test" duration-ms="132790" started-at="2020-01-31T20:08:08Z" finished-at="2020-01-31T20:10:21Z">
      <class name="com.assignment.scriptTest.CompareTwoPriceTest">
        <test-method status="PASS" signature="configBC()[pri:0, instance:com.assignment.scriptTest.CompareTwoPriceTest@9629756]" name="configBC" is-config="true" duration-ms="24147" started-at="2020-02-01T01:38:08Z" finished-at="2020-02-01T01:38:32Z">
          <reporter-output>
          </reporter-output>
        </test-method> <!-- configBC -->
        <test-method status="PASS" signature="configBM()[pri:0, instance:com.assignment.scriptTest.CompareTwoPriceTest@9629756]" name="configBM" is-config="true" duration-ms="60671" started-at="2020-02-01T01:38:32Z" finished-at="2020-02-01T01:39:33Z">
          <reporter-output>
          </reporter-output>
        </test-method> <!-- configBM -->
        <test-method status="PASS" signature="comparePriceOfAmazonTest()[pri:0, instance:com.assignment.scriptTest.CompareTwoPriceTest@9629756]" name="comparePriceOfAmazonTest" duration-ms="46914" started-at="2020-02-01T01:39:33Z" finished-at="2020-02-01T01:40:20Z">
          <reporter-output>
            <line>
              <![CDATA[The Amazon price for 'iPhone XR (64GB) - Yellow' ===> 47900 is Less]]>
            </line>
          </reporter-output>
        </test-method> <!-- comparePriceOfAmazonTest -->
        <test-method status="PASS" signature="configAM()[pri:0, instance:com.assignment.scriptTest.CompareTwoPriceTest@9629756]" name="configAM" is-config="true" duration-ms="0" started-at="2020-02-01T01:40:20Z" finished-at="2020-02-01T01:40:20Z">
          <reporter-output>
          </reporter-output>
        </test-method> <!-- configAM -->
        <test-method status="PASS" signature="configAT()[pri:0, instance:com.assignment.scriptTest.CompareTwoPriceTest@9629756]" name="configAT" is-config="true" duration-ms="1033" started-at="2020-02-01T01:40:20Z" finished-at="2020-02-01T01:40:21Z">
          <reporter-output>
          </reporter-output>
        </test-method> <!-- configAT -->
      </class> <!-- com.assignment.scriptTest.CompareTwoPriceTest -->
    </test> <!-- Default test -->
  </suite> <!-- Default suite -->
</testng-results>
